<?xml version="1.0" encoding="UTF-8"?>
<!-- Generated by org.testng.reporters.JUnitXMLReporter -->
<testsuite ignored="0" hostname="LAPTOP-O0K43E3F" failures="0" tests="6" name="Default test" time="65.948" errors="0" timestamp="2025-09-03T22:33:55 IST">
  <testcase classname="TestCases.FirstFlow" name="createNote" time="13.529"/>
  <testcase classname="TestCases.FirstFlow" name="editTheNote" time="7.804"/>
  <testcase classname="TestCases.FirstFlow" name="createSecondNote" time="8.407"/>
  <testcase classname="TestCases.FirstFlow" name="changeColour" time="8.192"/>
  <testcase classname="TestCases.FirstFlow" name="longHoldTheNote" time="7.287"/>
  <testcase classname="TestCases.FirstFlow" name="givePermissionAndroidSetting" time="15.503"/>
</testsuite> <!-- Default test -->
