<?xml version="1.0" encoding="UTF-8"?>
<!-- Generated by org.testng.reporters.JUnitXMLReporter -->
<testsuite ignored="0" hostname="LAPTOP-O0K43E3F" failures="0" tests="9" name="Default test" time="104.821" errors="0" timestamp="2025-09-08T22:49:07 IST">
  <testcase classname="TestCases.FirstFlow" name="createNote" time="13.8"/>
  <testcase classname="TestCases.FirstFlow" name="editTheNote" time="8.27"/>
  <testcase classname="TestCases.FirstFlow" name="createSecondNote" time="8.975"/>
  <testcase classname="TestCases.FirstFlow" name="changeColour" time="9.748"/>
  <testcase classname="TestCases.FirstFlow" name="longHoldTheNote" time="7.741"/>
  <testcase classname="TestCases.FirstFlow" name="givePermissionAndroidSetting" time="16.748"/>
  <testcase classname="TestCases.FirstFlow" name="changeColourFromHome" time="14.631"/>
  <testcase classname="TestCases.FirstFlow" name="archiveTheNote" time="6.85"/>
  <testcase classname="TestCases.FirstFlow" name="unarchiveNote" time="12.513"/>
</testsuite> <!-- Default test -->
