<?xml version="1.0" encoding="UTF-8"?>
<testng-results ignored="0" total="1" passed="1" failed="0" skipped="0">
  <reporter-output>
  </reporter-output>
  <suite started-at="2025-08-21T22:48:34 IST" name="Default suite" finished-at="2025-08-21T22:48:53 IST" duration-ms="19203">
    <groups>
    </groups>
    <test started-at="2025-08-21T22:48:34 IST" name="Default test" finished-at="2025-08-21T22:48:53 IST" duration-ms="19203">
      <class name="TestCases.FirstFlow">
        <test-method is-config="true" signature="setup()[pri:0, instance:TestCases.FirstFlow@368f2016]" started-at="2025-08-21T22:48:34 IST" name="setup" finished-at="2025-08-21T22:48:38 IST" duration-ms="4505" status="PASS">
          <reporter-output>
          </reporter-output>
        </test-method> <!-- setup -->
        <test-method signature="createNote()[pri:0, instance:TestCases.FirstFlow@368f2016]" started-at="2025-08-21T22:48:38 IST" name="createNote" finished-at="2025-08-21T22:48:52 IST" duration-ms="13776" status="PASS">
          <reporter-output>
          </reporter-output>
        </test-method> <!-- createNote -->
        <test-method is-config="true" signature="tearDown()[pri:0, instance:TestCases.FirstFlow@368f2016]" started-at="2025-08-21T22:48:52 IST" name="tearDown" finished-at="2025-08-21T22:48:53 IST" duration-ms="876" status="PASS">
          <reporter-output>
          </reporter-output>
        </test-method> <!-- tearDown -->
      </class> <!-- TestCases.FirstFlow -->
    </test> <!-- Default test -->
  </suite> <!-- Default suite -->
</testng-results>
