<?xml version="1.0" encoding="UTF-8"?>
<testng-results ignored="0" total="6" passed="6" failed="0" skipped="0">
  <reporter-output>
  </reporter-output>
  <suite started-at="2025-09-03T22:32:49 IST" name="Default suite" finished-at="2025-09-03T22:33:55 IST" duration-ms="65948">
    <groups>
    </groups>
    <test started-at="2025-09-03T22:32:49 IST" name="Default test" finished-at="2025-09-03T22:33:55 IST" duration-ms="65948">
      <class name="TestCases.FirstFlow">
        <test-method is-config="true" signature="setup()[pri:0, instance:TestCases.FirstFlow@47eaca72]" started-at="2025-09-03T22:32:49 IST" name="setup" finished-at="2025-09-03T22:32:53 IST" duration-ms="4568" status="PASS">
          <reporter-output>
          </reporter-output>
        </test-method> <!-- setup -->
        <test-method signature="createNote()[pri:0, instance:TestCases.FirstFlow@47eaca72]" started-at="2025-09-03T22:32:53 IST" name="createNote" finished-at="2025-09-03T22:33:07 IST" duration-ms="13529" status="PASS">
          <reporter-output>
          </reporter-output>
        </test-method> <!-- createNote -->
        <test-method signature="editTheNote()[pri:0, instance:TestCases.FirstFlow@47eaca72]" started-at="2025-09-03T22:33:07 IST" name="editTheNote" finished-at="2025-09-03T22:33:14 IST" depends-on-methods="TestCases.FirstFlow.createNote" duration-ms="7804" status="PASS">
          <reporter-output>
          </reporter-output>
        </test-method> <!-- editTheNote -->
        <test-method signature="createSecondNote()[pri:0, instance:TestCases.FirstFlow@47eaca72]" started-at="2025-09-03T22:33:14 IST" name="createSecondNote" finished-at="2025-09-03T22:33:23 IST" depends-on-methods="TestCases.FirstFlow.editTheNote" duration-ms="8407" status="PASS">
          <reporter-output>
          </reporter-output>
        </test-method> <!-- createSecondNote -->
        <test-method signature="changeColour()[pri:0, instance:TestCases.FirstFlow@47eaca72]" started-at="2025-09-03T22:33:23 IST" name="changeColour" finished-at="2025-09-03T22:33:31 IST" depends-on-methods="TestCases.FirstFlow.createSecondNote" duration-ms="8192" status="PASS">
          <reporter-output>
          </reporter-output>
        </test-method> <!-- changeColour -->
        <test-method signature="longHoldTheNote()[pri:0, instance:TestCases.FirstFlow@47eaca72]" started-at="2025-09-03T22:33:31 IST" name="longHoldTheNote" finished-at="2025-09-03T22:33:38 IST" depends-on-methods="TestCases.FirstFlow.changeColour" duration-ms="7287" status="PASS">
          <reporter-output>
          </reporter-output>
        </test-method> <!-- longHoldTheNote -->
        <test-method signature="givePermissionAndroidSetting()[pri:0, instance:TestCases.FirstFlow@47eaca72]" started-at="2025-09-03T22:33:38 IST" name="givePermissionAndroidSetting" finished-at="2025-09-03T22:33:54 IST" depends-on-methods="TestCases.FirstFlow.longHoldTheNote" duration-ms="15503" status="PASS">
          <reporter-output>
          </reporter-output>
        </test-method> <!-- givePermissionAndroidSetting -->
        <test-method is-config="true" signature="tearDown()[pri:0, instance:TestCases.FirstFlow@47eaca72]" started-at="2025-09-03T22:33:54 IST" name="tearDown" finished-at="2025-09-03T22:33:55 IST" duration-ms="622" status="PASS">
          <reporter-output>
          </reporter-output>
        </test-method> <!-- tearDown -->
      </class> <!-- TestCases.FirstFlow -->
    </test> <!-- Default test -->
  </suite> <!-- Default suite -->
</testng-results>
